<?xml version="1.0" encoding="UTF-8"?>
<testsuite xmlns:xsi="http://www.w3.org/2001/XMLSchema-instance" xsi:noNamespaceSchemaLocation="https://maven.apache.org/surefire/maven-surefire-plugin/xsd/surefire-test-report.xsd" version="3.0.2" name="com.github.oauth.DemoGithubAccessApplicationTests" time="4.572" tests="1" errors="0" skipped="0" failures="0">
  <properties>
    <property name="java.specification.version" value="22"/>
    <property name="sun.jnu.encoding" value="UTF-8"/>
    <property name="java.class.path" value="/Users/sarveshmhadgut/Documents/Github/DevSync/Demo-Github-Oauth/target/test-classes:/Users/sarveshmhadgut/Documents/Github/DevSync/Demo-Github-Oauth/target/classes:/Users/sarveshmhadgut/.m2/repository/org/springframework/boot/spring-boot-starter-actuator/3.4.4/spring-boot-starter-actuator-3.4.4.jar:/Users/sarveshmhadgut/.m2/repository/org/springframework/boot/spring-boot-starter/3.4.4/spring-boot-starter-3.4.4.jar:/Users/sarveshmhadgut/.m2/repository/org/springframework/boot/spring-boot/3.4.4/spring-boot-3.4.4.jar:/Users/sarveshmhadgut/.m2/repository/org/springframework/boot/spring-boot-autoconfigure/3.4.4/spring-boot-autoconfigure-3.4.4.jar:/Users/sarveshmhadgut/.m2/repository/org/springframework/boot/spring-boot-starter-logging/3.4.4/spring-boot-starter-logging-3.4.4.jar:/Users/sarveshmhadgut/.m2/repository/ch/qos/logback/logback-classic/1.5.18/logback-classic-1.5.18.jar:/Users/sarveshmhadgut/.m2/repository/ch/qos/logback/logback-core/1.5.18/logback-core-1.5.18.jar:/Users/sarveshmhadgut/.m2/repository/org/apache/logging/log4j/log4j-to-slf4j/2.24.3/log4j-to-slf4j-2.24.3.jar:/Users/sarveshmhadgut/.m2/repository/org/apache/logging/log4j/log4j-api/2.24.3/log4j-api-2.24.3.jar:/Users/sarveshmhadgut/.m2/repository/org/slf4j/jul-to-slf4j/2.0.17/jul-to-slf4j-2.0.17.jar:/Users/sarveshmhadgut/.m2/repository/jakarta/annotation/jakarta.annotation-api/2.1.1/jakarta.annotation-api-2.1.1.jar:/Users/sarveshmhadgut/.m2/repository/org/yaml/snakeyaml/2.3/snakeyaml-2.3.jar:/Users/sarveshmhadgut/.m2/repository/org/springframework/boot/spring-boot-actuator-autoconfigure/3.4.4/spring-boot-actuator-autoconfigure-3.4.4.jar:/Users/sarveshmhadgut/.m2/repository/org/springframework/boot/spring-boot-actuator/3.4.4/spring-boot-actuator-3.4.4.jar:/Users/sarveshmhadgut/.m2/repository/com/fasterxml/jackson/datatype/jackson-datatype-jsr310/2.18.3/jackson-datatype-jsr310-2.18.3.jar:/Users/sarveshmhadgut/.m2/repository/io/micrometer/micrometer-observation/1.14.5/micrometer-observation-1.14.5.jar:/Users/sarveshmhadgut/.m2/repository/io/micrometer/micrometer-commons/1.14.5/micrometer-commons-1.14.5.jar:/Users/sarveshmhadgut/.m2/repository/io/micrometer/micrometer-jakarta9/1.14.5/micrometer-jakarta9-1.14.5.jar:/Users/sarveshmhadgut/.m2/repository/io/micrometer/micrometer-core/1.14.5/micrometer-core-1.14.5.jar:/Users/sarveshmhadgut/.m2/repository/org/hdrhistogram/HdrHistogram/2.2.2/HdrHistogram-2.2.2.jar:/Users/sarveshmhadgut/.m2/repository/org/latencyutils/LatencyUtils/2.0.3/LatencyUtils-2.0.3.jar:/Users/sarveshmhadgut/.m2/repository/org/springframework/boot/spring-boot-starter-data-jpa/3.4.4/spring-boot-starter-data-jpa-3.4.4.jar:/Users/sarveshmhadgut/.m2/repository/org/springframework/boot/spring-boot-starter-jdbc/3.4.4/spring-boot-starter-jdbc-3.4.4.jar:/Users/sarveshmhadgut/.m2/repository/com/zaxxer/HikariCP/5.1.0/HikariCP-5.1.0.jar:/Users/sarveshmhadgut/.m2/repository/org/springframework/spring-jdbc/6.2.5/spring-jdbc-6.2.5.jar:/Users/sarveshmhadgut/.m2/repository/org/hibernate/orm/hibernate-core/6.6.11.Final/hibernate-core-6.6.11.Final.jar:/Users/sarveshmhadgut/.m2/repository/jakarta/persistence/jakarta.persistence-api/3.1.0/jakarta.persistence-api-3.1.0.jar:/Users/sarveshmhadgut/.m2/repository/jakarta/transaction/jakarta.transaction-api/2.0.1/jakarta.transaction-api-2.0.1.jar:/Users/sarveshmhadgut/.m2/repository/org/jboss/logging/jboss-logging/3.6.1.Final/jboss-logging-3.6.1.Final.jar:/Users/sarveshmhadgut/.m2/repository/org/hibernate/common/hibernate-commons-annotations/7.0.3.Final/hibernate-commons-annotations-7.0.3.Final.jar:/Users/sarveshmhadgut/.m2/repository/io/smallrye/jandex/3.2.0/jandex-3.2.0.jar:/Users/sarveshmhadgut/.m2/repository/com/fasterxml/classmate/1.7.0/classmate-1.7.0.jar:/Users/sarveshmhadgut/.m2/repository/net/bytebuddy/byte-buddy/1.15.11/byte-buddy-1.15.11.jar:/Users/sarveshmhadgut/.m2/repository/org/glassfish/jaxb/jaxb-runtime/4.0.5/jaxb-runtime-4.0.5.jar:/Users/sarveshmhadgut/.m2/repository/org/glassfish/jaxb/jaxb-core/4.0.5/jaxb-core-4.0.5.jar:/Users/sarveshmhadgut/.m2/repository/org/eclipse/angus/angus-activation/2.0.2/angus-activation-2.0.2.jar:/Users/sarveshmhadgut/.m2/repository/org/glassfish/jaxb/txw2/4.0.5/txw2-4.0.5.jar:/Users/sarveshmhadgut/.m2/repository/com/sun/istack/istack-commons-runtime/4.1.2/istack-commons-runtime-4.1.2.jar:/Users/sarveshmhadgut/.m2/repository/jakarta/inject/jakarta.inject-api/2.0.1/jakarta.inject-api-2.0.1.jar:/Users/sarveshmhadgut/.m2/repository/org/antlr/antlr4-runtime/4.13.0/antlr4-runtime-4.13.0.jar:/Users/sarveshmhadgut/.m2/repository/org/springframework/data/spring-data-jpa/3.4.4/spring-data-jpa-3.4.4.jar:/Users/sarveshmhadgut/.m2/repository/org/springframework/data/spring-data-commons/3.4.4/spring-data-commons-3.4.4.jar:/Users/sarveshmhadgut/.m2/repository/org/springframework/spring-orm/6.2.5/spring-orm-6.2.5.jar:/Users/sarveshmhadgut/.m2/repository/org/springframework/spring-context/6.2.5/spring-context-6.2.5.jar:/Users/sarveshmhadgut/.m2/repository/org/springframework/spring-tx/6.2.5/spring-tx-6.2.5.jar:/Users/sarveshmhadgut/.m2/repository/org/springframework/spring-beans/6.2.5/spring-beans-6.2.5.jar:/Users/sarveshmhadgut/.m2/repository/org/springframework/spring-aspects/6.2.5/spring-aspects-6.2.5.jar:/Users/sarveshmhadgut/.m2/repository/org/aspectj/aspectjweaver/1.9.23/aspectjweaver-1.9.23.jar:/Users/sarveshmhadgut/.m2/repository/org/springframework/boot/spring-boot-starter-oauth2-client/3.4.4/spring-boot-starter-oauth2-client-3.4.4.jar:/Users/sarveshmhadgut/.m2/repository/org/springframework/security/spring-security-config/6.4.4/spring-security-config-6.4.4.jar:/Users/sarveshmhadgut/.m2/repository/org/springframework/security/spring-security-core/6.4.4/spring-security-core-6.4.4.jar:/Users/sarveshmhadgut/.m2/repository/org/springframework/security/spring-security-crypto/6.4.4/spring-security-crypto-6.4.4.jar:/Users/sarveshmhadgut/.m2/repository/org/springframework/spring-expression/6.2.5/spring-expression-6.2.5.jar:/Users/sarveshmhadgut/.m2/repository/org/springframework/security/spring-security-oauth2-client/6.4.4/spring-security-oauth2-client-6.4.4.jar:/Users/sarveshmhadgut/.m2/repository/org/springframework/security/spring-security-oauth2-core/6.4.4/spring-security-oauth2-core-6.4.4.jar:/Users/sarveshmhadgut/.m2/repository/com/nimbusds/oauth2-oidc-sdk/9.43.6/oauth2-oidc-sdk-9.43.6.jar:/Users/sarveshmhadgut/.m2/repository/com/github/stephenc/jcip/jcip-annotations/1.0-1/jcip-annotations-1.0-1.jar:/Users/sarveshmhadgut/.m2/repository/com/nimbusds/content-type/2.2/content-type-2.2.jar:/Users/sarveshmhadgut/.m2/repository/com/nimbusds/lang-tag/1.7/lang-tag-1.7.jar:/Users/sarveshmhadgut/.m2/repository/org/springframework/security/spring-security-oauth2-jose/6.4.4/spring-security-oauth2-jose-6.4.4.jar:/Users/sarveshmhadgut/.m2/repository/com/nimbusds/nimbus-jose-jwt/9.37.3/nimbus-jose-jwt-9.37.3.jar:/Users/sarveshmhadgut/.m2/repository/org/springframework/boot/spring-boot-starter-security/3.4.4/spring-boot-starter-security-3.4.4.jar:/Users/sarveshmhadgut/.m2/repository/org/springframework/spring-aop/6.2.5/spring-aop-6.2.5.jar:/Users/sarveshmhadgut/.m2/repository/org/springframework/security/spring-security-web/6.4.4/spring-security-web-6.4.4.jar:/Users/sarveshmhadgut/.m2/repository/org/springframework/boot/spring-boot-starter-web/3.4.4/spring-boot-starter-web-3.4.4.jar:/Users/sarveshmhadgut/.m2/repository/org/springframework/boot/spring-boot-starter-json/3.4.4/spring-boot-starter-json-3.4.4.jar:/Users/sarveshmhadgut/.m2/repository/com/fasterxml/jackson/datatype/jackson-datatype-jdk8/2.18.3/jackson-datatype-jdk8-2.18.3.jar:/Users/sarveshmhadgut/.m2/repository/com/fasterxml/jackson/module/jackson-module-parameter-names/2.18.3/jackson-module-parameter-names-2.18.3.jar:/Users/sarveshmhadgut/.m2/repository/org/springframework/boot/spring-boot-starter-tomcat/3.4.4/spring-boot-starter-tomcat-3.4.4.jar:/Users/sarveshmhadgut/.m2/repository/org/apache/tomcat/embed/tomcat-embed-core/10.1.39/tomcat-embed-core-10.1.39.jar:/Users/sarveshmhadgut/.m2/repository/org/apache/tomcat/embed/tomcat-embed-el/10.1.39/tomcat-embed-el-10.1.39.jar:/Users/sarveshmhadgut/.m2/repository/org/apache/tomcat/embed/tomcat-embed-websocket/10.1.39/tomcat-embed-websocket-10.1.39.jar:/Users/sarveshmhadgut/.m2/repository/org/springframework/spring-web/6.2.5/spring-web-6.2.5.jar:/Users/sarveshmhadgut/.m2/repository/org/springframework/spring-webmvc/6.2.5/spring-webmvc-6.2.5.jar:/Users/sarveshmhadgut/.m2/repository/com/mysql/mysql-connector-j/9.1.0/mysql-connector-j-9.1.0.jar:/Users/sarveshmhadgut/.m2/repository/org/projectlombok/lombok/1.18.30/lombok-1.18.30.jar:/Users/sarveshmhadgut/.m2/repository/org/springframework/boot/spring-boot-starter-test/3.4.4/spring-boot-starter-test-3.4.4.jar:/Users/sarveshmhadgut/.m2/repository/org/springframework/boot/spring-boot-test/3.4.4/spring-boot-test-3.4.4.jar:/Users/sarveshmhadgut/.m2/repository/org/springframework/boot/spring-boot-test-autoconfigure/3.4.4/spring-boot-test-autoconfigure-3.4.4.jar:/Users/sarveshmhadgut/.m2/repository/com/jayway/jsonpath/json-path/2.9.0/json-path-2.9.0.jar:/Users/sarveshmhadgut/.m2/repository/jakarta/xml/bind/jakarta.xml.bind-api/4.0.2/jakarta.xml.bind-api-4.0.2.jar:/Users/sarveshmhadgut/.m2/repository/jakarta/activation/jakarta.activation-api/2.1.3/jakarta.activation-api-2.1.3.jar:/Users/sarveshmhadgut/.m2/repository/net/minidev/json-smart/2.5.2/json-smart-2.5.2.jar:/Users/sarveshmhadgut/.m2/repository/net/minidev/accessors-smart/2.5.2/accessors-smart-2.5.2.jar:/Users/sarveshmhadgut/.m2/repository/org/ow2/asm/asm/9.7.1/asm-9.7.1.jar:/Users/sarveshmhadgut/.m2/repository/org/assertj/assertj-core/3.26.3/assertj-core-3.26.3.jar:/Users/sarveshmhadgut/.m2/repository/org/awaitility/awaitility/4.2.2/awaitility-4.2.2.jar:/Users/sarveshmhadgut/.m2/repository/org/hamcrest/hamcrest/2.2/hamcrest-2.2.jar:/Users/sarveshmhadgut/.m2/repository/org/junit/jupiter/junit-jupiter/5.11.4/junit-jupiter-5.11.4.jar:/Users/sarveshmhadgut/.m2/repository/org/junit/jupiter/junit-jupiter-api/5.11.4/junit-jupiter-api-5.11.4.jar:/Users/sarveshmhadgut/.m2/repository/org/opentest4j/opentest4j/1.3.0/opentest4j-1.3.0.jar:/Users/sarveshmhadgut/.m2/repository/org/junit/platform/junit-platform-commons/1.11.4/junit-platform-commons-1.11.4.jar:/Users/sarveshmhadgut/.m2/repository/org/apiguardian/apiguardian-api/1.1.2/apiguardian-api-1.1.2.jar:/Users/sarveshmhadgut/.m2/repository/org/junit/jupiter/junit-jupiter-params/5.11.4/junit-jupiter-params-5.11.4.jar:/Users/sarveshmhadgut/.m2/repository/org/junit/jupiter/junit-jupiter-engine/5.11.4/junit-jupiter-engine-5.11.4.jar:/Users/sarveshmhadgut/.m2/repository/org/junit/platform/junit-platform-engine/1.11.4/junit-platform-engine-1.11.4.jar:/Users/sarveshmhadgut/.m2/repository/org/mockito/mockito-core/5.14.2/mockito-core-5.14.2.jar:/Users/sarveshmhadgut/.m2/repository/net/bytebuddy/byte-buddy-agent/1.15.11/byte-buddy-agent-1.15.11.jar:/Users/sarveshmhadgut/.m2/repository/org/objenesis/objenesis/3.3/objenesis-3.3.jar:/Users/sarveshmhadgut/.m2/repository/org/mockito/mockito-junit-jupiter/5.14.2/mockito-junit-jupiter-5.14.2.jar:/Users/sarveshmhadgut/.m2/repository/org/skyscreamer/jsonassert/1.5.3/jsonassert-1.5.3.jar:/Users/sarveshmhadgut/.m2/repository/com/vaadin/external/google/android-json/0.0.20131108.vaadin1/android-json-0.0.20131108.vaadin1.jar:/Users/sarveshmhadgut/.m2/repository/org/springframework/spring-core/6.2.5/spring-core-6.2.5.jar:/Users/sarveshmhadgut/.m2/repository/org/springframework/spring-jcl/6.2.5/spring-jcl-6.2.5.jar:/Users/sarveshmhadgut/.m2/repository/org/springframework/spring-test/6.2.5/spring-test-6.2.5.jar:/Users/sarveshmhadgut/.m2/repository/org/xmlunit/xmlunit-core/2.10.0/xmlunit-core-2.10.0.jar:/Users/sarveshmhadgut/.m2/repository/org/springframework/security/spring-security-test/6.4.4/spring-security-test-6.4.4.jar:/Users/sarveshmhadgut/.m2/repository/org/kohsuke/github-api/1.326/github-api-1.326.jar:/Users/sarveshmhadgut/.m2/repository/org/apache/commons/commons-lang3/3.17.0/commons-lang3-3.17.0.jar:/Users/sarveshmhadgut/.m2/repository/com/fasterxml/jackson/core/jackson-databind/2.18.3/jackson-databind-2.18.3.jar:/Users/sarveshmhadgut/.m2/repository/com/fasterxml/jackson/core/jackson-annotations/2.18.3/jackson-annotations-2.18.3.jar:/Users/sarveshmhadgut/.m2/repository/com/fasterxml/jackson/core/jackson-core/2.18.3/jackson-core-2.18.3.jar:/Users/sarveshmhadgut/.m2/repository/commons-io/commons-io/2.16.1/commons-io-2.16.1.jar:/Users/sarveshmhadgut/.m2/repository/io/jsonwebtoken/jjwt-api/0.12.6/jjwt-api-0.12.6.jar:/Users/sarveshmhadgut/.m2/repository/io/jsonwebtoken/jjwt-impl/0.12.6/jjwt-impl-0.12.6.jar:/Users/sarveshmhadgut/.m2/repository/io/jsonwebtoken/jjwt-jackson/0.12.6/jjwt-jackson-0.12.6.jar:/Users/sarveshmhadgut/.m2/repository/org/springframework/boot/spring-boot-starter-thymeleaf/3.4.4/spring-boot-starter-thymeleaf-3.4.4.jar:/Users/sarveshmhadgut/.m2/repository/org/thymeleaf/thymeleaf-spring6/3.1.3.RELEASE/thymeleaf-spring6-3.1.3.RELEASE.jar:/Users/sarveshmhadgut/.m2/repository/org/thymeleaf/thymeleaf/3.1.3.RELEASE/thymeleaf-3.1.3.RELEASE.jar:/Users/sarveshmhadgut/.m2/repository/org/attoparser/attoparser/2.0.7.RELEASE/attoparser-2.0.7.RELEASE.jar:/Users/sarveshmhadgut/.m2/repository/org/unbescape/unbescape/1.1.6.RELEASE/unbescape-1.1.6.RELEASE.jar:/Users/sarveshmhadgut/.m2/repository/jakarta/validation/jakarta.validation-api/3.0.2/jakarta.validation-api-3.0.2.jar:/Users/sarveshmhadgut/.m2/repository/org/modelmapper/modelmapper/3.0.0/modelmapper-3.0.0.jar:/Users/sarveshmhadgut/.m2/repository/com/google/firebase/firebase-admin/9.4.3/firebase-admin-9.4.3.jar:/Users/sarveshmhadgut/.m2/repository/com/google/api-client/google-api-client/2.7.1/google-api-client-2.7.1.jar:/Users/sarveshmhadgut/.m2/repository/commons-codec/commons-codec/1.17.2/commons-codec-1.17.2.jar:/Users/sarveshmhadgut/.m2/repository/com/google/oauth-client/google-oauth-client/1.36.0/google-oauth-client-1.36.0.jar:/Users/sarveshmhadgut/.m2/repository/com/google/auth/google-auth-library-credentials/1.30.0/google-auth-library-credentials-1.30.0.jar:/Users/sarveshmhadgut/.m2/repository/com/google/http-client/google-http-client-gson/1.45.2/google-http-client-gson-1.45.2.jar:/Users/sarveshmhadgut/.m2/repository/com/google/http-client/google-http-client-apache-v2/1.45.2/google-http-client-apache-v2-1.45.2.jar:/Users/sarveshmhadgut/.m2/repository/org/apache/httpcomponents/httpcore/4.4.16/httpcore-4.4.16.jar:/Users/sarveshmhadgut/.m2/repository/org/apache/httpcomponents/httpclient/4.5.14/httpclient-4.5.14.jar:/Users/sarveshmhadgut/.m2/repository/commons-logging/commons-logging/1.2/commons-logging-1.2.jar:/Users/sarveshmhadgut/.m2/repository/com/google/api-client/google-api-client-gson/2.7.1/google-api-client-gson-2.7.1.jar:/Users/sarveshmhadgut/.m2/repository/com/google/http-client/google-http-client/1.45.3/google-http-client-1.45.3.jar:/Users/sarveshmhadgut/.m2/repository/com/google/code/findbugs/jsr305/3.0.2/jsr305-3.0.2.jar:/Users/sarveshmhadgut/.m2/repository/com/google/errorprone/error_prone_annotations/2.36.0/error_prone_annotations-2.36.0.jar:/Users/sarveshmhadgut/.m2/repository/com/google/j2objc/j2objc-annotations/3.0.0/j2objc-annotations-3.0.0.jar:/Users/sarveshmhadgut/.m2/repository/io/grpc/grpc-context/1.69.0/grpc-context-1.69.0.jar:/Users/sarveshmhadgut/.m2/repository/io/opencensus/opencensus-api/0.31.1/opencensus-api-0.31.1.jar:/Users/sarveshmhadgut/.m2/repository/io/opencensus/opencensus-contrib-http-util/0.31.1/opencensus-contrib-http-util-0.31.1.jar:/Users/sarveshmhadgut/.m2/repository/com/google/api/api-common/2.42.0/api-common-2.42.0.jar:/Users/sarveshmhadgut/.m2/repository/com/google/auto/value/auto-value-annotations/1.11.0/auto-value-annotations-1.11.0.jar:/Users/sarveshmhadgut/.m2/repository/javax/annotation/javax.annotation-api/1.3.2/javax.annotation-api-1.3.2.jar:/Users/sarveshmhadgut/.m2/repository/com/google/auth/google-auth-library-oauth2-http/1.30.1/google-auth-library-oauth2-http-1.30.1.jar:/Users/sarveshmhadgut/.m2/repository/com/google/cloud/google-cloud-storage/2.46.0/google-cloud-storage-2.46.0.jar:/Users/sarveshmhadgut/.m2/repository/com/google/guava/failureaccess/1.0.2/failureaccess-1.0.2.jar:/Users/sarveshmhadgut/.m2/repository/com/google/guava/listenablefuture/9999.0-empty-to-avoid-conflict-with-guava/listenablefuture-9999.0-empty-to-avoid-conflict-with-guava.jar:/Users/sarveshmhadgut/.m2/repository/com/google/http-client/google-http-client-jackson2/1.45.3/google-http-client-jackson2-1.45.3.jar:/Users/sarveshmhadgut/.m2/repository/com/google/apis/google-api-services-storage/v1-rev20241206-2.0.0/google-api-services-storage-v1-rev20241206-2.0.0.jar:/Users/sarveshmhadgut/.m2/repository/com/google/code/gson/gson/2.11.0/gson-2.11.0.jar:/Users/sarveshmhadgut/.m2/repository/com/google/cloud/google-cloud-core/2.49.0/google-cloud-core-2.49.0.jar:/Users/sarveshmhadgut/.m2/repository/com/google/cloud/google-cloud-core-http/2.49.0/google-cloud-core-http-2.49.0.jar:/Users/sarveshmhadgut/.m2/repository/com/google/http-client/google-http-client-appengine/1.45.3/google-http-client-appengine-1.45.3.jar:/Users/sarveshmhadgut/.m2/repository/com/google/api/gax-httpjson/2.59.0/gax-httpjson-2.59.0.jar:/Users/sarveshmhadgut/.m2/repository/com/google/cloud/google-cloud-core-grpc/2.49.0/google-cloud-core-grpc-2.49.0.jar:/Users/sarveshmhadgut/.m2/repository/com/google/api/gax/2.59.0/gax-2.59.0.jar:/Users/sarveshmhadgut/.m2/repository/com/google/api/gax-grpc/2.59.0/gax-grpc-2.59.0.jar:/Users/sarveshmhadgut/.m2/repository/io/grpc/grpc-inprocess/1.69.0/grpc-inprocess-1.69.0.jar:/Users/sarveshmhadgut/.m2/repository/io/grpc/grpc-alts/1.69.0/grpc-alts-1.69.0.jar:/Users/sarveshmhadgut/.m2/repository/io/grpc/grpc-grpclb/1.69.0/grpc-grpclb-1.69.0.jar:/Users/sarveshmhadgut/.m2/repository/org/conscrypt/conscrypt-openjdk-uber/2.5.2/conscrypt-openjdk-uber-2.5.2.jar:/Users/sarveshmhadgut/.m2/repository/io/grpc/grpc-auth/1.69.0/grpc-auth-1.69.0.jar:/Users/sarveshmhadgut/.m2/repository/com/google/api/grpc/proto-google-iam-v1/1.45.0/proto-google-iam-v1-1.45.0.jar:/Users/sarveshmhadgut/.m2/repository/com/google/protobuf/protobuf-java/3.25.5/protobuf-java-3.25.5.jar:/Users/sarveshmhadgut/.m2/repository/com/google/protobuf/protobuf-java-util/3.25.5/protobuf-java-util-3.25.5.jar:/Users/sarveshmhadgut/.m2/repository/io/grpc/grpc-core/1.69.0/grpc-core-1.69.0.jar:/Users/sarveshmhadgut/.m2/repository/com/google/android/annotations/4.1.1.4/annotations-4.1.1.4.jar:/Users/sarveshmhadgut/.m2/repository/org/codehaus/mojo/animal-sniffer-annotations/1.24/animal-sniffer-annotations-1.24.jar:/Users/sarveshmhadgut/.m2/repository/io/perfmark/perfmark-api/0.27.0/perfmark-api-0.27.0.jar:/Users/sarveshmhadgut/.m2/repository/io/grpc/grpc-protobuf/1.69.0/grpc-protobuf-1.69.0.jar:/Users/sarveshmhadgut/.m2/repository/io/grpc/grpc-protobuf-lite/1.69.0/grpc-protobuf-lite-1.69.0.jar:/Users/sarveshmhadgut/.m2/repository/com/google/api/grpc/proto-google-common-protos/2.50.0/proto-google-common-protos-2.50.0.jar:/Users/sarveshmhadgut/.m2/repository/org/threeten/threetenbp/1.7.0/threetenbp-1.7.0.jar:/Users/sarveshmhadgut/.m2/repository/com/google/api/grpc/proto-google-cloud-storage-v2/2.46.0-beta/proto-google-cloud-storage-v2-2.46.0-beta.jar:/Users/sarveshmhadgut/.m2/repository/com/google/api/grpc/grpc-google-cloud-storage-v2/2.46.0-beta/grpc-google-cloud-storage-v2-2.46.0-beta.jar:/Users/sarveshmhadgut/.m2/repository/com/google/api/grpc/gapic-google-cloud-storage-v2/2.46.0-beta/gapic-google-cloud-storage-v2-2.46.0-beta.jar:/Users/sarveshmhadgut/.m2/repository/io/opentelemetry/opentelemetry-sdk/1.43.0/opentelemetry-sdk-1.43.0.jar:/Users/sarveshmhadgut/.m2/repository/io/opentelemetry/opentelemetry-sdk-trace/1.43.0/opentelemetry-sdk-trace-1.43.0.jar:/Users/sarveshmhadgut/.m2/repository/io/opentelemetry/opentelemetry-sdk-logs/1.43.0/opentelemetry-sdk-logs-1.43.0.jar:/Users/sarveshmhadgut/.m2/repository/io/grpc/grpc-opentelemetry/1.69.0/grpc-opentelemetry-1.69.0.jar:/Users/sarveshmhadgut/.m2/repository/io/opentelemetry/opentelemetry-api/1.43.0/opentelemetry-api-1.43.0.jar:/Users/sarveshmhadgut/.m2/repository/io/opentelemetry/opentelemetry-context/1.43.0/opentelemetry-context-1.43.0.jar:/Users/sarveshmhadgut/.m2/repository/io/opentelemetry/opentelemetry-sdk-metrics/1.43.0/opentelemetry-sdk-metrics-1.43.0.jar:/Users/sarveshmhadgut/.m2/repository/io/opentelemetry/opentelemetry-api-incubator/1.45.0-alpha/opentelemetry-api-incubator-1.45.0-alpha.jar:/Users/sarveshmhadgut/.m2/repository/io/opentelemetry/opentelemetry-sdk-common/1.43.0/opentelemetry-sdk-common-1.43.0.jar:/Users/sarveshmhadgut/.m2/repository/io/opentelemetry/opentelemetry-sdk-extension-autoconfigure-spi/1.43.0/opentelemetry-sdk-extension-autoconfigure-spi-1.43.0.jar:/Users/sarveshmhadgut/.m2/repository/io/opentelemetry/semconv/opentelemetry-semconv/1.27.0-alpha/opentelemetry-semconv-1.27.0-alpha.jar:/Users/sarveshmhadgut/.m2/repository/com/google/cloud/opentelemetry/exporter-metrics/0.33.0/exporter-metrics-0.33.0.jar:/Users/sarveshmhadgut/.m2/repository/com/google/cloud/google-cloud-monitoring/3.52.0/google-cloud-monitoring-3.52.0.jar:/Users/sarveshmhadgut/.m2/repository/com/google/api/grpc/proto-google-cloud-monitoring-v3/3.52.0/proto-google-cloud-monitoring-v3-3.52.0.jar:/Users/sarveshmhadgut/.m2/repository/com/google/cloud/opentelemetry/shared-resourcemapping/0.33.0/shared-resourcemapping-0.33.0.jar:/Users/sarveshmhadgut/.m2/repository/io/opentelemetry/contrib/opentelemetry-gcp-resources/1.37.0-alpha/opentelemetry-gcp-resources-1.37.0-alpha.jar:/Users/sarveshmhadgut/.m2/repository/com/google/cloud/opentelemetry/detector-resources-support/0.33.0/detector-resources-support-0.33.0.jar:/Users/sarveshmhadgut/.m2/repository/org/checkerframework/checker-qual/3.48.3/checker-qual-3.48.3.jar:/Users/sarveshmhadgut/.m2/repository/io/grpc/grpc-api/1.69.0/grpc-api-1.69.0.jar:/Users/sarveshmhadgut/.m2/repository/io/grpc/grpc-netty-shaded/1.69.0/grpc-netty-shaded-1.69.0.jar:/Users/sarveshmhadgut/.m2/repository/io/grpc/grpc-util/1.69.0/grpc-util-1.69.0.jar:/Users/sarveshmhadgut/.m2/repository/io/grpc/grpc-stub/1.69.0/grpc-stub-1.69.0.jar:/Users/sarveshmhadgut/.m2/repository/io/grpc/grpc-googleapis/1.69.0/grpc-googleapis-1.69.0.jar:/Users/sarveshmhadgut/.m2/repository/io/grpc/grpc-xds/1.69.0/grpc-xds-1.69.0.jar:/Users/sarveshmhadgut/.m2/repository/io/grpc/grpc-services/1.69.0/grpc-services-1.69.0.jar:/Users/sarveshmhadgut/.m2/repository/com/google/re2j/re2j/1.7/re2j-1.7.jar:/Users/sarveshmhadgut/.m2/repository/io/grpc/grpc-rls/1.69.0/grpc-rls-1.69.0.jar:/Users/sarveshmhadgut/.m2/repository/com/google/cloud/google-cloud-firestore/3.30.2/google-cloud-firestore-3.30.2.jar:/Users/sarveshmhadgut/.m2/repository/com/google/api/grpc/proto-google-cloud-firestore-v1/3.30.2/proto-google-cloud-firestore-v1-3.30.2.jar:/Users/sarveshmhadgut/.m2/repository/com/google/cloud/proto-google-cloud-firestore-bundle-v1/3.30.2/proto-google-cloud-firestore-bundle-v1-3.30.2.jar:/Users/sarveshmhadgut/.m2/repository/io/opentelemetry/instrumentation/opentelemetry-grpc-1.6/2.1.0-alpha/opentelemetry-grpc-1.6-2.1.0-alpha.jar:/Users/sarveshmhadgut/.m2/repository/io/opentelemetry/instrumentation/opentelemetry-instrumentation-api/2.1.0/opentelemetry-instrumentation-api-2.1.0.jar:/Users/sarveshmhadgut/.m2/repository/io/opentelemetry/opentelemetry-extension-incubator/1.35.0-alpha/opentelemetry-extension-incubator-1.35.0-alpha.jar:/Users/sarveshmhadgut/.m2/repository/io/opentelemetry/instrumentation/opentelemetry-instrumentation-api-incubator/2.1.0-alpha/opentelemetry-instrumentation-api-incubator-2.1.0-alpha.jar:/Users/sarveshmhadgut/.m2/repository/com/google/guava/guava/33.3.1-jre/guava-33.3.1-jre.jar:/Users/sarveshmhadgut/.m2/repository/org/slf4j/slf4j-api/2.0.17/slf4j-api-2.0.17.jar:/Users/sarveshmhadgut/.m2/repository/io/netty/netty-codec-http/4.1.119.Final/netty-codec-http-4.1.119.Final.jar:/Users/sarveshmhadgut/.m2/repository/io/netty/netty-common/4.1.119.Final/netty-common-4.1.119.Final.jar:/Users/sarveshmhadgut/.m2/repository/io/netty/netty-buffer/4.1.119.Final/netty-buffer-4.1.119.Final.jar:/Users/sarveshmhadgut/.m2/repository/io/netty/netty-codec/4.1.119.Final/netty-codec-4.1.119.Final.jar:/Users/sarveshmhadgut/.m2/repository/io/netty/netty-handler/4.1.119.Final/netty-handler-4.1.119.Final.jar:/Users/sarveshmhadgut/.m2/repository/io/netty/netty-resolver/4.1.119.Final/netty-resolver-4.1.119.Final.jar:/Users/sarveshmhadgut/.m2/repository/io/netty/netty-transport-native-unix-common/4.1.119.Final/netty-transport-native-unix-common-4.1.119.Final.jar:/Users/sarveshmhadgut/.m2/repository/io/netty/netty-transport/4.1.119.Final/netty-transport-4.1.119.Final.jar:/Users/sarveshmhadgut/.m2/repository/org/apache/httpcomponents/client5/httpclient5/5.4.2/httpclient5-5.4.2.jar:/Users/sarveshmhadgut/.m2/repository/org/apache/httpcomponents/core5/httpcore5/5.3.3/httpcore5-5.3.3.jar:/Users/sarveshmhadgut/.m2/repository/org/apache/httpcomponents/core5/httpcore5-h2/5.3.3/httpcore5-h2-5.3.3.jar:"/>
    <property name="java.vm.vendor" value="Oracle Corporation"/>
    <property name="sun.arch.data.model" value="64"/>
    <property name="java.vendor.url" value="https://java.oracle.com/"/>
    <property name="user.timezone" value="Asia/Kolkata"/>
    <property name="org.jboss.logging.provider" value="slf4j"/>
    <property name="os.name" value="Mac OS X"/>
    <property name="java.vm.specification.version" value="22"/>
    <property name="sun.java.launcher" value="SUN_STANDARD"/>
    <property name="user.country" value="US"/>
    <property name="sun.boot.library.path" value="/Users/sarveshmhadgut/.sdkman/candidates/java/22-open/lib"/>
    <property name="sun.java.command" value="/Users/sarveshmhadgut/Documents/Github/DevSync/Demo-Github-Oauth/target/surefire/surefirebooter-20250416011102468_3.jar /Users/sarveshmhadgut/Documents/Github/DevSync/Demo-Github-Oauth/target/surefire 2025-04-16T01-11-02_430-jvmRun1 surefire-20250416011102468_1tmp surefire_0-20250416011102468_2tmp"/>
    <property name="http.nonProxyHosts" value="local|*.local|169.254/16|*.169.254/16"/>
    <property name="jdk.debug" value="release"/>
    <property name="surefire.test.class.path" value="/Users/sarveshmhadgut/Documents/Github/DevSync/Demo-Github-Oauth/target/test-classes:/Users/sarveshmhadgut/Documents/Github/DevSync/Demo-Github-Oauth/target/classes:/Users/sarveshmhadgut/.m2/repository/org/springframework/boot/spring-boot-starter-actuator/3.4.4/spring-boot-starter-actuator-3.4.4.jar:/Users/sarveshmhadgut/.m2/repository/org/springframework/boot/spring-boot-starter/3.4.4/spring-boot-starter-3.4.4.jar:/Users/sarveshmhadgut/.m2/repository/org/springframework/boot/spring-boot/3.4.4/spring-boot-3.4.4.jar:/Users/sarveshmhadgut/.m2/repository/org/springframework/boot/spring-boot-autoconfigure/3.4.4/spring-boot-autoconfigure-3.4.4.jar:/Users/sarveshmhadgut/.m2/repository/org/springframework/boot/spring-boot-starter-logging/3.4.4/spring-boot-starter-logging-3.4.4.jar:/Users/sarveshmhadgut/.m2/repository/ch/qos/logback/logback-classic/1.5.18/logback-classic-1.5.18.jar:/Users/sarveshmhadgut/.m2/repository/ch/qos/logback/logback-core/1.5.18/logback-core-1.5.18.jar:/Users/sarveshmhadgut/.m2/repository/org/apache/logging/log4j/log4j-to-slf4j/2.24.3/log4j-to-slf4j-2.24.3.jar:/Users/sarveshmhadgut/.m2/repository/org/apache/logging/log4j/log4j-api/2.24.3/log4j-api-2.24.3.jar:/Users/sarveshmhadgut/.m2/repository/org/slf4j/jul-to-slf4j/2.0.17/jul-to-slf4j-2.0.17.jar:/Users/sarveshmhadgut/.m2/repository/jakarta/annotation/jakarta.annotation-api/2.1.1/jakarta.annotation-api-2.1.1.jar:/Users/sarveshmhadgut/.m2/repository/org/yaml/snakeyaml/2.3/snakeyaml-2.3.jar:/Users/sarveshmhadgut/.m2/repository/org/springframework/boot/spring-boot-actuator-autoconfigure/3.4.4/spring-boot-actuator-autoconfigure-3.4.4.jar:/Users/sarveshmhadgut/.m2/repository/org/springframework/boot/spring-boot-actuator/3.4.4/spring-boot-actuator-3.4.4.jar:/Users/sarveshmhadgut/.m2/repository/com/fasterxml/jackson/datatype/jackson-datatype-jsr310/2.18.3/jackson-datatype-jsr310-2.18.3.jar:/Users/sarveshmhadgut/.m2/repository/io/micrometer/micrometer-observation/1.14.5/micrometer-observation-1.14.5.jar:/Users/sarveshmhadgut/.m2/repository/io/micrometer/micrometer-commons/1.14.5/micrometer-commons-1.14.5.jar:/Users/sarveshmhadgut/.m2/repository/io/micrometer/micrometer-jakarta9/1.14.5/micrometer-jakarta9-1.14.5.jar:/Users/sarveshmhadgut/.m2/repository/io/micrometer/micrometer-core/1.14.5/micrometer-core-1.14.5.jar:/Users/sarveshmhadgut/.m2/repository/org/hdrhistogram/HdrHistogram/2.2.2/HdrHistogram-2.2.2.jar:/Users/sarveshmhadgut/.m2/repository/org/latencyutils/LatencyUtils/2.0.3/LatencyUtils-2.0.3.jar:/Users/sarveshmhadgut/.m2/repository/org/springframework/boot/spring-boot-starter-data-jpa/3.4.4/spring-boot-starter-data-jpa-3.4.4.jar:/Users/sarveshmhadgut/.m2/repository/org/springframework/boot/spring-boot-starter-jdbc/3.4.4/spring-boot-starter-jdbc-3.4.4.jar:/Users/sarveshmhadgut/.m2/repository/com/zaxxer/HikariCP/5.1.0/HikariCP-5.1.0.jar:/Users/sarveshmhadgut/.m2/repository/org/springframework/spring-jdbc/6.2.5/spring-jdbc-6.2.5.jar:/Users/sarveshmhadgut/.m2/repository/org/hibernate/orm/hibernate-core/6.6.11.Final/hibernate-core-6.6.11.Final.jar:/Users/sarveshmhadgut/.m2/repository/jakarta/persistence/jakarta.persistence-api/3.1.0/jakarta.persistence-api-3.1.0.jar:/Users/sarveshmhadgut/.m2/repository/jakarta/transaction/jakarta.transaction-api/2.0.1/jakarta.transaction-api-2.0.1.jar:/Users/sarveshmhadgut/.m2/repository/org/jboss/logging/jboss-logging/3.6.1.Final/jboss-logging-3.6.1.Final.jar:/Users/sarveshmhadgut/.m2/repository/org/hibernate/common/hibernate-commons-annotations/7.0.3.Final/hibernate-commons-annotations-7.0.3.Final.jar:/Users/sarveshmhadgut/.m2/repository/io/smallrye/jandex/3.2.0/jandex-3.2.0.jar:/Users/sarveshmhadgut/.m2/repository/com/fasterxml/classmate/1.7.0/classmate-1.7.0.jar:/Users/sarveshmhadgut/.m2/repository/net/bytebuddy/byte-buddy/1.15.11/byte-buddy-1.15.11.jar:/Users/sarveshmhadgut/.m2/repository/org/glassfish/jaxb/jaxb-runtime/4.0.5/jaxb-runtime-4.0.5.jar:/Users/sarveshmhadgut/.m2/repository/org/glassfish/jaxb/jaxb-core/4.0.5/jaxb-core-4.0.5.jar:/Users/sarveshmhadgut/.m2/repository/org/eclipse/angus/angus-activation/2.0.2/angus-activation-2.0.2.jar:/Users/sarveshmhadgut/.m2/repository/org/glassfish/jaxb/txw2/4.0.5/txw2-4.0.5.jar:/Users/sarveshmhadgut/.m2/repository/com/sun/istack/istack-commons-runtime/4.1.2/istack-commons-runtime-4.1.2.jar:/Users/sarveshmhadgut/.m2/repository/jakarta/inject/jakarta.inject-api/2.0.1/jakarta.inject-api-2.0.1.jar:/Users/sarveshmhadgut/.m2/repository/org/antlr/antlr4-runtime/4.13.0/antlr4-runtime-4.13.0.jar:/Users/sarveshmhadgut/.m2/repository/org/springframework/data/spring-data-jpa/3.4.4/spring-data-jpa-3.4.4.jar:/Users/sarveshmhadgut/.m2/repository/org/springframework/data/spring-data-commons/3.4.4/spring-data-commons-3.4.4.jar:/Users/sarveshmhadgut/.m2/repository/org/springframework/spring-orm/6.2.5/spring-orm-6.2.5.jar:/Users/sarveshmhadgut/.m2/repository/org/springframework/spring-context/6.2.5/spring-context-6.2.5.jar:/Users/sarveshmhadgut/.m2/repository/org/springframework/spring-tx/6.2.5/spring-tx-6.2.5.jar:/Users/sarveshmhadgut/.m2/repository/org/springframework/spring-beans/6.2.5/spring-beans-6.2.5.jar:/Users/sarveshmhadgut/.m2/repository/org/springframework/spring-aspects/6.2.5/spring-aspects-6.2.5.jar:/Users/sarveshmhadgut/.m2/repository/org/aspectj/aspectjweaver/1.9.23/aspectjweaver-1.9.23.jar:/Users/sarveshmhadgut/.m2/repository/org/springframework/boot/spring-boot-starter-oauth2-client/3.4.4/spring-boot-starter-oauth2-client-3.4.4.jar:/Users/sarveshmhadgut/.m2/repository/org/springframework/security/spring-security-config/6.4.4/spring-security-config-6.4.4.jar:/Users/sarveshmhadgut/.m2/repository/org/springframework/security/spring-security-core/6.4.4/spring-security-core-6.4.4.jar:/Users/sarveshmhadgut/.m2/repository/org/springframework/security/spring-security-crypto/6.4.4/spring-security-crypto-6.4.4.jar:/Users/sarveshmhadgut/.m2/repository/org/springframework/spring-expression/6.2.5/spring-expression-6.2.5.jar:/Users/sarveshmhadgut/.m2/repository/org/springframework/security/spring-security-oauth2-client/6.4.4/spring-security-oauth2-client-6.4.4.jar:/Users/sarveshmhadgut/.m2/repository/org/springframework/security/spring-security-oauth2-core/6.4.4/spring-security-oauth2-core-6.4.4.jar:/Users/sarveshmhadgut/.m2/repository/com/nimbusds/oauth2-oidc-sdk/9.43.6/oauth2-oidc-sdk-9.43.6.jar:/Users/sarveshmhadgut/.m2/repository/com/github/stephenc/jcip/jcip-annotations/1.0-1/jcip-annotations-1.0-1.jar:/Users/sarveshmhadgut/.m2/repository/com/nimbusds/content-type/2.2/content-type-2.2.jar:/Users/sarveshmhadgut/.m2/repository/com/nimbusds/lang-tag/1.7/lang-tag-1.7.jar:/Users/sarveshmhadgut/.m2/repository/org/springframework/security/spring-security-oauth2-jose/6.4.4/spring-security-oauth2-jose-6.4.4.jar:/Users/sarveshmhadgut/.m2/repository/com/nimbusds/nimbus-jose-jwt/9.37.3/nimbus-jose-jwt-9.37.3.jar:/Users/sarveshmhadgut/.m2/repository/org/springframework/boot/spring-boot-starter-security/3.4.4/spring-boot-starter-security-3.4.4.jar:/Users/sarveshmhadgut/.m2/repository/org/springframework/spring-aop/6.2.5/spring-aop-6.2.5.jar:/Users/sarveshmhadgut/.m2/repository/org/springframework/security/spring-security-web/6.4.4/spring-security-web-6.4.4.jar:/Users/sarveshmhadgut/.m2/repository/org/springframework/boot/spring-boot-starter-web/3.4.4/spring-boot-starter-web-3.4.4.jar:/Users/sarveshmhadgut/.m2/repository/org/springframework/boot/spring-boot-starter-json/3.4.4/spring-boot-starter-json-3.4.4.jar:/Users/sarveshmhadgut/.m2/repository/com/fasterxml/jackson/datatype/jackson-datatype-jdk8/2.18.3/jackson-datatype-jdk8-2.18.3.jar:/Users/sarveshmhadgut/.m2/repository/com/fasterxml/jackson/module/jackson-module-parameter-names/2.18.3/jackson-module-parameter-names-2.18.3.jar:/Users/sarveshmhadgut/.m2/repository/org/springframework/boot/spring-boot-starter-tomcat/3.4.4/spring-boot-starter-tomcat-3.4.4.jar:/Users/sarveshmhadgut/.m2/repository/org/apache/tomcat/embed/tomcat-embed-core/10.1.39/tomcat-embed-core-10.1.39.jar:/Users/sarveshmhadgut/.m2/repository/org/apache/tomcat/embed/tomcat-embed-el/10.1.39/tomcat-embed-el-10.1.39.jar:/Users/sarveshmhadgut/.m2/repository/org/apache/tomcat/embed/tomcat-embed-websocket/10.1.39/tomcat-embed-websocket-10.1.39.jar:/Users/sarveshmhadgut/.m2/repository/org/springframework/spring-web/6.2.5/spring-web-6.2.5.jar:/Users/sarveshmhadgut/.m2/repository/org/springframework/spring-webmvc/6.2.5/spring-webmvc-6.2.5.jar:/Users/sarveshmhadgut/.m2/repository/com/mysql/mysql-connector-j/9.1.0/mysql-connector-j-9.1.0.jar:/Users/sarveshmhadgut/.m2/repository/org/projectlombok/lombok/1.18.30/lombok-1.18.30.jar:/Users/sarveshmhadgut/.m2/repository/org/springframework/boot/spring-boot-starter-test/3.4.4/spring-boot-starter-test-3.4.4.jar:/Users/sarveshmhadgut/.m2/repository/org/springframework/boot/spring-boot-test/3.4.4/spring-boot-test-3.4.4.jar:/Users/sarveshmhadgut/.m2/repository/org/springframework/boot/spring-boot-test-autoconfigure/3.4.4/spring-boot-test-autoconfigure-3.4.4.jar:/Users/sarveshmhadgut/.m2/repository/com/jayway/jsonpath/json-path/2.9.0/json-path-2.9.0.jar:/Users/sarveshmhadgut/.m2/repository/jakarta/xml/bind/jakarta.xml.bind-api/4.0.2/jakarta.xml.bind-api-4.0.2.jar:/Users/sarveshmhadgut/.m2/repository/jakarta/activation/jakarta.activation-api/2.1.3/jakarta.activation-api-2.1.3.jar:/Users/sarveshmhadgut/.m2/repository/net/minidev/json-smart/2.5.2/json-smart-2.5.2.jar:/Users/sarveshmhadgut/.m2/repository/net/minidev/accessors-smart/2.5.2/accessors-smart-2.5.2.jar:/Users/sarveshmhadgut/.m2/repository/org/ow2/asm/asm/9.7.1/asm-9.7.1.jar:/Users/sarveshmhadgut/.m2/repository/org/assertj/assertj-core/3.26.3/assertj-core-3.26.3.jar:/Users/sarveshmhadgut/.m2/repository/org/awaitility/awaitility/4.2.2/awaitility-4.2.2.jar:/Users/sarveshmhadgut/.m2/repository/org/hamcrest/hamcrest/2.2/hamcrest-2.2.jar:/Users/sarveshmhadgut/.m2/repository/org/junit/jupiter/junit-jupiter/5.11.4/junit-jupiter-5.11.4.jar:/Users/sarveshmhadgut/.m2/repository/org/junit/jupiter/junit-jupiter-api/5.11.4/junit-jupiter-api-5.11.4.jar:/Users/sarveshmhadgut/.m2/repository/org/opentest4j/opentest4j/1.3.0/opentest4j-1.3.0.jar:/Users/sarveshmhadgut/.m2/repository/org/junit/platform/junit-platform-commons/1.11.4/junit-platform-commons-1.11.4.jar:/Users/sarveshmhadgut/.m2/repository/org/apiguardian/apiguardian-api/1.1.2/apiguardian-api-1.1.2.jar:/Users/sarveshmhadgut/.m2/repository/org/junit/jupiter/junit-jupiter-params/5.11.4/junit-jupiter-params-5.11.4.jar:/Users/sarveshmhadgut/.m2/repository/org/junit/jupiter/junit-jupiter-engine/5.11.4/junit-jupiter-engine-5.11.4.jar:/Users/sarveshmhadgut/.m2/repository/org/junit/platform/junit-platform-engine/1.11.4/junit-platform-engine-1.11.4.jar:/Users/sarveshmhadgut/.m2/repository/org/mockito/mockito-core/5.14.2/mockito-core-5.14.2.jar:/Users/sarveshmhadgut/.m2/repository/net/bytebuddy/byte-buddy-agent/1.15.11/byte-buddy-agent-1.15.11.jar:/Users/sarveshmhadgut/.m2/repository/org/objenesis/objenesis/3.3/objenesis-3.3.jar:/Users/sarveshmhadgut/.m2/repository/org/mockito/mockito-junit-jupiter/5.14.2/mockito-junit-jupiter-5.14.2.jar:/Users/sarveshmhadgut/.m2/repository/org/skyscreamer/jsonassert/1.5.3/jsonassert-1.5.3.jar:/Users/sarveshmhadgut/.m2/repository/com/vaadin/external/google/android-json/0.0.20131108.vaadin1/android-json-0.0.20131108.vaadin1.jar:/Users/sarveshmhadgut/.m2/repository/org/springframework/spring-core/6.2.5/spring-core-6.2.5.jar:/Users/sarveshmhadgut/.m2/repository/org/springframework/spring-jcl/6.2.5/spring-jcl-6.2.5.jar:/Users/sarveshmhadgut/.m2/repository/org/springframework/spring-test/6.2.5/spring-test-6.2.5.jar:/Users/sarveshmhadgut/.m2/repository/org/xmlunit/xmlunit-core/2.10.0/xmlunit-core-2.10.0.jar:/Users/sarveshmhadgut/.m2/repository/org/springframework/security/spring-security-test/6.4.4/spring-security-test-6.4.4.jar:/Users/sarveshmhadgut/.m2/repository/org/kohsuke/github-api/1.326/github-api-1.326.jar:/Users/sarveshmhadgut/.m2/repository/org/apache/commons/commons-lang3/3.17.0/commons-lang3-3.17.0.jar:/Users/sarveshmhadgut/.m2/repository/com/fasterxml/jackson/core/jackson-databind/2.18.3/jackson-databind-2.18.3.jar:/Users/sarveshmhadgut/.m2/repository/com/fasterxml/jackson/core/jackson-annotations/2.18.3/jackson-annotations-2.18.3.jar:/Users/sarveshmhadgut/.m2/repository/com/fasterxml/jackson/core/jackson-core/2.18.3/jackson-core-2.18.3.jar:/Users/sarveshmhadgut/.m2/repository/commons-io/commons-io/2.16.1/commons-io-2.16.1.jar:/Users/sarveshmhadgut/.m2/repository/io/jsonwebtoken/jjwt-api/0.12.6/jjwt-api-0.12.6.jar:/Users/sarveshmhadgut/.m2/repository/io/jsonwebtoken/jjwt-impl/0.12.6/jjwt-impl-0.12.6.jar:/Users/sarveshmhadgut/.m2/repository/io/jsonwebtoken/jjwt-jackson/0.12.6/jjwt-jackson-0.12.6.jar:/Users/sarveshmhadgut/.m2/repository/org/springframework/boot/spring-boot-starter-thymeleaf/3.4.4/spring-boot-starter-thymeleaf-3.4.4.jar:/Users/sarveshmhadgut/.m2/repository/org/thymeleaf/thymeleaf-spring6/3.1.3.RELEASE/thymeleaf-spring6-3.1.3.RELEASE.jar:/Users/sarveshmhadgut/.m2/repository/org/thymeleaf/thymeleaf/3.1.3.RELEASE/thymeleaf-3.1.3.RELEASE.jar:/Users/sarveshmhadgut/.m2/repository/org/attoparser/attoparser/2.0.7.RELEASE/attoparser-2.0.7.RELEASE.jar:/Users/sarveshmhadgut/.m2/repository/org/unbescape/unbescape/1.1.6.RELEASE/unbescape-1.1.6.RELEASE.jar:/Users/sarveshmhadgut/.m2/repository/jakarta/validation/jakarta.validation-api/3.0.2/jakarta.validation-api-3.0.2.jar:/Users/sarveshmhadgut/.m2/repository/org/modelmapper/modelmapper/3.0.0/modelmapper-3.0.0.jar:/Users/sarveshmhadgut/.m2/repository/com/google/firebase/firebase-admin/9.4.3/firebase-admin-9.4.3.jar:/Users/sarveshmhadgut/.m2/repository/com/google/api-client/google-api-client/2.7.1/google-api-client-2.7.1.jar:/Users/sarveshmhadgut/.m2/repository/commons-codec/commons-codec/1.17.2/commons-codec-1.17.2.jar:/Users/sarveshmhadgut/.m2/repository/com/google/oauth-client/google-oauth-client/1.36.0/google-oauth-client-1.36.0.jar:/Users/sarveshmhadgut/.m2/repository/com/google/auth/google-auth-library-credentials/1.30.0/google-auth-library-credentials-1.30.0.jar:/Users/sarveshmhadgut/.m2/repository/com/google/http-client/google-http-client-gson/1.45.2/google-http-client-gson-1.45.2.jar:/Users/sarveshmhadgut/.m2/repository/com/google/http-client/google-http-client-apache-v2/1.45.2/google-http-client-apache-v2-1.45.2.jar:/Users/sarveshmhadgut/.m2/repository/org/apache/httpcomponents/httpcore/4.4.16/httpcore-4.4.16.jar:/Users/sarveshmhadgut/.m2/repository/org/apache/httpcomponents/httpclient/4.5.14/httpclient-4.5.14.jar:/Users/sarveshmhadgut/.m2/repository/commons-logging/commons-logging/1.2/commons-logging-1.2.jar:/Users/sarveshmhadgut/.m2/repository/com/google/api-client/google-api-client-gson/2.7.1/google-api-client-gson-2.7.1.jar:/Users/sarveshmhadgut/.m2/repository/com/google/http-client/google-http-client/1.45.3/google-http-client-1.45.3.jar:/Users/sarveshmhadgut/.m2/repository/com/google/code/findbugs/jsr305/3.0.2/jsr305-3.0.2.jar:/Users/sarveshmhadgut/.m2/repository/com/google/errorprone/error_prone_annotations/2.36.0/error_prone_annotations-2.36.0.jar:/Users/sarveshmhadgut/.m2/repository/com/google/j2objc/j2objc-annotations/3.0.0/j2objc-annotations-3.0.0.jar:/Users/sarveshmhadgut/.m2/repository/io/grpc/grpc-context/1.69.0/grpc-context-1.69.0.jar:/Users/sarveshmhadgut/.m2/repository/io/opencensus/opencensus-api/0.31.1/opencensus-api-0.31.1.jar:/Users/sarveshmhadgut/.m2/repository/io/opencensus/opencensus-contrib-http-util/0.31.1/opencensus-contrib-http-util-0.31.1.jar:/Users/sarveshmhadgut/.m2/repository/com/google/api/api-common/2.42.0/api-common-2.42.0.jar:/Users/sarveshmhadgut/.m2/repository/com/google/auto/value/auto-value-annotations/1.11.0/auto-value-annotations-1.11.0.jar:/Users/sarveshmhadgut/.m2/repository/javax/annotation/javax.annotation-api/1.3.2/javax.annotation-api-1.3.2.jar:/Users/sarveshmhadgut/.m2/repository/com/google/auth/google-auth-library-oauth2-http/1.30.1/google-auth-library-oauth2-http-1.30.1.jar:/Users/sarveshmhadgut/.m2/repository/com/google/cloud/google-cloud-storage/2.46.0/google-cloud-storage-2.46.0.jar:/Users/sarveshmhadgut/.m2/repository/com/google/guava/failureaccess/1.0.2/failureaccess-1.0.2.jar:/Users/sarveshmhadgut/.m2/repository/com/google/guava/listenablefuture/9999.0-empty-to-avoid-conflict-with-guava/listenablefuture-9999.0-empty-to-avoid-conflict-with-guava.jar:/Users/sarveshmhadgut/.m2/repository/com/google/http-client/google-http-client-jackson2/1.45.3/google-http-client-jackson2-1.45.3.jar:/Users/sarveshmhadgut/.m2/repository/com/google/apis/google-api-services-storage/v1-rev20241206-2.0.0/google-api-services-storage-v1-rev20241206-2.0.0.jar:/Users/sarveshmhadgut/.m2/repository/com/google/code/gson/gson/2.11.0/gson-2.11.0.jar:/Users/sarveshmhadgut/.m2/repository/com/google/cloud/google-cloud-core/2.49.0/google-cloud-core-2.49.0.jar:/Users/sarveshmhadgut/.m2/repository/com/google/cloud/google-cloud-core-http/2.49.0/google-cloud-core-http-2.49.0.jar:/Users/sarveshmhadgut/.m2/repository/com/google/http-client/google-http-client-appengine/1.45.3/google-http-client-appengine-1.45.3.jar:/Users/sarveshmhadgut/.m2/repository/com/google/api/gax-httpjson/2.59.0/gax-httpjson-2.59.0.jar:/Users/sarveshmhadgut/.m2/repository/com/google/cloud/google-cloud-core-grpc/2.49.0/google-cloud-core-grpc-2.49.0.jar:/Users/sarveshmhadgut/.m2/repository/com/google/api/gax/2.59.0/gax-2.59.0.jar:/Users/sarveshmhadgut/.m2/repository/com/google/api/gax-grpc/2.59.0/gax-grpc-2.59.0.jar:/Users/sarveshmhadgut/.m2/repository/io/grpc/grpc-inprocess/1.69.0/grpc-inprocess-1.69.0.jar:/Users/sarveshmhadgut/.m2/repository/io/grpc/grpc-alts/1.69.0/grpc-alts-1.69.0.jar:/Users/sarveshmhadgut/.m2/repository/io/grpc/grpc-grpclb/1.69.0/grpc-grpclb-1.69.0.jar:/Users/sarveshmhadgut/.m2/repository/org/conscrypt/conscrypt-openjdk-uber/2.5.2/conscrypt-openjdk-uber-2.5.2.jar:/Users/sarveshmhadgut/.m2/repository/io/grpc/grpc-auth/1.69.0/grpc-auth-1.69.0.jar:/Users/sarveshmhadgut/.m2/repository/com/google/api/grpc/proto-google-iam-v1/1.45.0/proto-google-iam-v1-1.45.0.jar:/Users/sarveshmhadgut/.m2/repository/com/google/protobuf/protobuf-java/3.25.5/protobuf-java-3.25.5.jar:/Users/sarveshmhadgut/.m2/repository/com/google/protobuf/protobuf-java-util/3.25.5/protobuf-java-util-3.25.5.jar:/Users/sarveshmhadgut/.m2/repository/io/grpc/grpc-core/1.69.0/grpc-core-1.69.0.jar:/Users/sarveshmhadgut/.m2/repository/com/google/android/annotations/4.1.1.4/annotations-4.1.1.4.jar:/Users/sarveshmhadgut/.m2/repository/org/codehaus/mojo/animal-sniffer-annotations/1.24/animal-sniffer-annotations-1.24.jar:/Users/sarveshmhadgut/.m2/repository/io/perfmark/perfmark-api/0.27.0/perfmark-api-0.27.0.jar:/Users/sarveshmhadgut/.m2/repository/io/grpc/grpc-protobuf/1.69.0/grpc-protobuf-1.69.0.jar:/Users/sarveshmhadgut/.m2/repository/io/grpc/grpc-protobuf-lite/1.69.0/grpc-protobuf-lite-1.69.0.jar:/Users/sarveshmhadgut/.m2/repository/com/google/api/grpc/proto-google-common-protos/2.50.0/proto-google-common-protos-2.50.0.jar:/Users/sarveshmhadgut/.m2/repository/org/threeten/threetenbp/1.7.0/threetenbp-1.7.0.jar:/Users/sarveshmhadgut/.m2/repository/com/google/api/grpc/proto-google-cloud-storage-v2/2.46.0-beta/proto-google-cloud-storage-v2-2.46.0-beta.jar:/Users/sarveshmhadgut/.m2/repository/com/google/api/grpc/grpc-google-cloud-storage-v2/2.46.0-beta/grpc-google-cloud-storage-v2-2.46.0-beta.jar:/Users/sarveshmhadgut/.m2/repository/com/google/api/grpc/gapic-google-cloud-storage-v2/2.46.0-beta/gapic-google-cloud-storage-v2-2.46.0-beta.jar:/Users/sarveshmhadgut/.m2/repository/io/opentelemetry/opentelemetry-sdk/1.43.0/opentelemetry-sdk-1.43.0.jar:/Users/sarveshmhadgut/.m2/repository/io/opentelemetry/opentelemetry-sdk-trace/1.43.0/opentelemetry-sdk-trace-1.43.0.jar:/Users/sarveshmhadgut/.m2/repository/io/opentelemetry/opentelemetry-sdk-logs/1.43.0/opentelemetry-sdk-logs-1.43.0.jar:/Users/sarveshmhadgut/.m2/repository/io/grpc/grpc-opentelemetry/1.69.0/grpc-opentelemetry-1.69.0.jar:/Users/sarveshmhadgut/.m2/repository/io/opentelemetry/opentelemetry-api/1.43.0/opentelemetry-api-1.43.0.jar:/Users/sarveshmhadgut/.m2/repository/io/opentelemetry/opentelemetry-context/1.43.0/opentelemetry-context-1.43.0.jar:/Users/sarveshmhadgut/.m2/repository/io/opentelemetry/opentelemetry-sdk-metrics/1.43.0/opentelemetry-sdk-metrics-1.43.0.jar:/Users/sarveshmhadgut/.m2/repository/io/opentelemetry/opentelemetry-api-incubator/1.45.0-alpha/opentelemetry-api-incubator-1.45.0-alpha.jar:/Users/sarveshmhadgut/.m2/repository/io/opentelemetry/opentelemetry-sdk-common/1.43.0/opentelemetry-sdk-common-1.43.0.jar:/Users/sarveshmhadgut/.m2/repository/io/opentelemetry/opentelemetry-sdk-extension-autoconfigure-spi/1.43.0/opentelemetry-sdk-extension-autoconfigure-spi-1.43.0.jar:/Users/sarveshmhadgut/.m2/repository/io/opentelemetry/semconv/opentelemetry-semconv/1.27.0-alpha/opentelemetry-semconv-1.27.0-alpha.jar:/Users/sarveshmhadgut/.m2/repository/com/google/cloud/opentelemetry/exporter-metrics/0.33.0/exporter-metrics-0.33.0.jar:/Users/sarveshmhadgut/.m2/repository/com/google/cloud/google-cloud-monitoring/3.52.0/google-cloud-monitoring-3.52.0.jar:/Users/sarveshmhadgut/.m2/repository/com/google/api/grpc/proto-google-cloud-monitoring-v3/3.52.0/proto-google-cloud-monitoring-v3-3.52.0.jar:/Users/sarveshmhadgut/.m2/repository/com/google/cloud/opentelemetry/shared-resourcemapping/0.33.0/shared-resourcemapping-0.33.0.jar:/Users/sarveshmhadgut/.m2/repository/io/opentelemetry/contrib/opentelemetry-gcp-resources/1.37.0-alpha/opentelemetry-gcp-resources-1.37.0-alpha.jar:/Users/sarveshmhadgut/.m2/repository/com/google/cloud/opentelemetry/detector-resources-support/0.33.0/detector-resources-support-0.33.0.jar:/Users/sarveshmhadgut/.m2/repository/org/checkerframework/checker-qual/3.48.3/checker-qual-3.48.3.jar:/Users/sarveshmhadgut/.m2/repository/io/grpc/grpc-api/1.69.0/grpc-api-1.69.0.jar:/Users/sarveshmhadgut/.m2/repository/io/grpc/grpc-netty-shaded/1.69.0/grpc-netty-shaded-1.69.0.jar:/Users/sarveshmhadgut/.m2/repository/io/grpc/grpc-util/1.69.0/grpc-util-1.69.0.jar:/Users/sarveshmhadgut/.m2/repository/io/grpc/grpc-stub/1.69.0/grpc-stub-1.69.0.jar:/Users/sarveshmhadgut/.m2/repository/io/grpc/grpc-googleapis/1.69.0/grpc-googleapis-1.69.0.jar:/Users/sarveshmhadgut/.m2/repository/io/grpc/grpc-xds/1.69.0/grpc-xds-1.69.0.jar:/Users/sarveshmhadgut/.m2/repository/io/grpc/grpc-services/1.69.0/grpc-services-1.69.0.jar:/Users/sarveshmhadgut/.m2/repository/com/google/re2j/re2j/1.7/re2j-1.7.jar:/Users/sarveshmhadgut/.m2/repository/io/grpc/grpc-rls/1.69.0/grpc-rls-1.69.0.jar:/Users/sarveshmhadgut/.m2/repository/com/google/cloud/google-cloud-firestore/3.30.2/google-cloud-firestore-3.30.2.jar:/Users/sarveshmhadgut/.m2/repository/com/google/api/grpc/proto-google-cloud-firestore-v1/3.30.2/proto-google-cloud-firestore-v1-3.30.2.jar:/Users/sarveshmhadgut/.m2/repository/com/google/cloud/proto-google-cloud-firestore-bundle-v1/3.30.2/proto-google-cloud-firestore-bundle-v1-3.30.2.jar:/Users/sarveshmhadgut/.m2/repository/io/opentelemetry/instrumentation/opentelemetry-grpc-1.6/2.1.0-alpha/opentelemetry-grpc-1.6-2.1.0-alpha.jar:/Users/sarveshmhadgut/.m2/repository/io/opentelemetry/instrumentation/opentelemetry-instrumentation-api/2.1.0/opentelemetry-instrumentation-api-2.1.0.jar:/Users/sarveshmhadgut/.m2/repository/io/opentelemetry/opentelemetry-extension-incubator/1.35.0-alpha/opentelemetry-extension-incubator-1.35.0-alpha.jar:/Users/sarveshmhadgut/.m2/repository/io/opentelemetry/instrumentation/opentelemetry-instrumentation-api-incubator/2.1.0-alpha/opentelemetry-instrumentation-api-incubator-2.1.0-alpha.jar:/Users/sarveshmhadgut/.m2/repository/com/google/guava/guava/33.3.1-jre/guava-33.3.1-jre.jar:/Users/sarveshmhadgut/.m2/repository/org/slf4j/slf4j-api/2.0.17/slf4j-api-2.0.17.jar:/Users/sarveshmhadgut/.m2/repository/io/netty/netty-codec-http/4.1.119.Final/netty-codec-http-4.1.119.Final.jar:/Users/sarveshmhadgut/.m2/repository/io/netty/netty-common/4.1.119.Final/netty-common-4.1.119.Final.jar:/Users/sarveshmhadgut/.m2/repository/io/netty/netty-buffer/4.1.119.Final/netty-buffer-4.1.119.Final.jar:/Users/sarveshmhadgut/.m2/repository/io/netty/netty-codec/4.1.119.Final/netty-codec-4.1.119.Final.jar:/Users/sarveshmhadgut/.m2/repository/io/netty/netty-handler/4.1.119.Final/netty-handler-4.1.119.Final.jar:/Users/sarveshmhadgut/.m2/repository/io/netty/netty-resolver/4.1.119.Final/netty-resolver-4.1.119.Final.jar:/Users/sarveshmhadgut/.m2/repository/io/netty/netty-transport-native-unix-common/4.1.119.Final/netty-transport-native-unix-common-4.1.119.Final.jar:/Users/sarveshmhadgut/.m2/repository/io/netty/netty-transport/4.1.119.Final/netty-transport-4.1.119.Final.jar:/Users/sarveshmhadgut/.m2/repository/org/apache/httpcomponents/client5/httpclient5/5.4.2/httpclient5-5.4.2.jar:/Users/sarveshmhadgut/.m2/repository/org/apache/httpcomponents/core5/httpcore5/5.3.3/httpcore5-5.3.3.jar:/Users/sarveshmhadgut/.m2/repository/org/apache/httpcomponents/core5/httpcore5-h2/5.3.3/httpcore5-h2-5.3.3.jar:"/>
    <property name="sun.cpu.endian" value="little"/>
    <property name="user.home" value="/Users/sarveshmhadgut"/>
    <property name="user.language" value="en"/>
    <property name="java.specification.vendor" value="Oracle Corporation"/>
    <property name="java.version.date" value="2024-03-19"/>
    <property name="java.home" value="/Users/sarveshmhadgut/.sdkman/candidates/java/22-open"/>
    <property name="file.separator" value="/"/>
    <property name="basedir" value="/Users/sarveshmhadgut/Documents/Github/DevSync/Demo-Github-Oauth"/>
    <property name="java.vm.compressedOopsMode" value="Zero based"/>
    <property name="line.separator" value="&#10;"/>
    <property name="java.vm.specification.vendor" value="Oracle Corporation"/>
    <property name="java.specification.name" value="Java Platform API Specification"/>
    <property name="FILE_LOG_CHARSET" value="UTF-8"/>
    <property name="java.awt.headless" value="true"/>
    <property name="apple.awt.application.name" value="ForkedBooter"/>
    <property name="surefire.real.class.path" value="/Users/sarveshmhadgut/Documents/Github/DevSync/Demo-Github-Oauth/target/surefire/surefirebooter-20250416011102468_3.jar"/>
    <property name="sun.management.compiler" value="HotSpot 64-Bit Tiered Compilers"/>
    <property name="ftp.nonProxyHosts" value="local|*.local|169.254/16|*.169.254/16"/>
    <property name="java.runtime.version" value="22+36-2370"/>
    <property name="user.name" value="sarveshmhadgut"/>
    <property name="stdout.encoding" value="UTF-8"/>
    <property name="path.separator" value=":"/>
    <property name="os.version" value="15.4"/>
    <property name="java.runtime.name" value="OpenJDK Runtime Environment"/>
    <property name="file.encoding" value="UTF-8"/>
    <property name="java.vm.name" value="OpenJDK 64-Bit Server VM"/>
    <property name="localRepository" value="/Users/sarveshmhadgut/.m2/repository"/>
    <property name="java.vendor.url.bug" value="https://bugreport.java.com/bugreport/"/>
    <property name="java.io.tmpdir" value="/var/folders/ws/q25zxpw551g_fb_gbm7t6v700000gn/T/"/>
    <property name="com.zaxxer.hikari.pool_number" value="1"/>
    <property name="java.version" value="22"/>
    <property name="user.dir" value="/Users/sarveshmhadgut/Documents/Github/DevSync/Demo-Github-Oauth"/>
    <property name="os.arch" value="aarch64"/>
    <property name="java.vm.specification.name" value="Java Virtual Machine Specification"/>
    <property name="PID" value="24896"/>
    <property name="CONSOLE_LOG_CHARSET" value="UTF-8"/>
    <property name="native.encoding" value="UTF-8"/>
    <property name="java.library.path" value="/Users/sarveshmhadgut/Library/Java/Extensions:/Library/Java/Extensions:/Network/Library/Java/Extensions:/System/Library/Java/Extensions:/usr/lib/java:."/>
    <property name="java.vm.info" value="mixed mode, sharing"/>
    <property name="stderr.encoding" value="UTF-8"/>
    <property name="java.vendor" value="Oracle Corporation"/>
    <property name="java.vm.version" value="22+36-2370"/>
    <property name="sun.io.unicode.encoding" value="UnicodeBig"/>
    <property name="socksNonProxyHosts" value="local|*.local|169.254/16|*.169.254/16"/>
    <property name="java.class.version" value="66.0"/>
  </properties>
  <testcase name="contextLoads" classname="com.github.oauth.DemoGithubAccessApplicationTests" time="0.355">
    <system-out><![CDATA[01:11:02.851 [main] INFO org.springframework.test.context.support.AnnotationConfigContextLoaderUtils -- Could not detect default configuration classes for test class [com.github.oauth.DemoGithubAccessApplicationTests]: DemoGithubAccessApplicationTests does not declare any static, non-private, non-final, nested classes annotated with @Configuration.
01:11:02.908 [main] INFO org.springframework.boot.test.context.SpringBootTestContextBootstrapper -- Found @SpringBootConfiguration com.github.oauth.DemoGithubAccessApplication for test class com.github.oauth.DemoGithubAccessApplicationTests

  .   ____          _            __ _ _
 /\\ / ___'_ __ _ _(_)_ __  __ _ \ \ \ \
( ( )\___ | '_ | '_| | '_ \/ _` | \ \ \ \
 \\/  ___)| |_)| | | | | || (_| |  ) ) ) )
  '  |____| .__|_| |_|_| |_\__, | / / / /
 =========|_|==============|___/=/_/_/_/

 :: Spring Boot ::                (v3.4.4)

2025-04-16T01:11:03.131+05:30  INFO 24896 --- [           main] c.g.o.DemoGithubAccessApplicationTests   : Starting DemoGithubAccessApplicationTests using Java 22 with PID 24896 (started by sarveshmhadgut in /Users/sarveshmhadgut/Documents/Github/DevSync/Demo-Github-Oauth)
2025-04-16T01:11:03.131+05:30  INFO 24896 --- [           main] c.g.o.DemoGithubAccessApplicationTests   : No active profile set, falling back to 1 default profile: "default"
2025-04-16T01:11:03.585+05:30  INFO 24896 --- [           main] .s.d.r.c.RepositoryConfigurationDelegate : Bootstrapping Spring Data JPA repositories in DEFAULT mode.
2025-04-16T01:11:03.615+05:30  INFO 24896 --- [           main] .s.d.r.c.RepositoryConfigurationDelegate : Finished Spring Data repository scanning in 25 ms. Found 4 JPA repository interfaces.
2025-04-16T01:11:03.948+05:30  INFO 24896 --- [           main] o.hibernate.jpa.internal.util.LogHelper  : HHH000204: Processing PersistenceUnitInfo [name: default]
2025-04-16T01:11:03.976+05:30  INFO 24896 --- [           main] org.hibernate.Version                    : HHH000412: Hibernate ORM core version 6.6.11.Final
2025-04-16T01:11:03.992+05:30  INFO 24896 --- [           main] o.h.c.internal.RegionFactoryInitiator    : HHH000026: Second-level cache disabled
2025-04-16T01:11:04.112+05:30  INFO 24896 --- [           main] o.s.o.j.p.SpringPersistenceUnitInfo      : No LoadTimeWeaver setup: ignoring JPA class transformer
2025-04-16T01:11:04.125+05:30  INFO 24896 --- [           main] com.zaxxer.hikari.HikariDataSource       : HikariPool-1 - Starting...
2025-04-16T01:11:04.389+05:30  INFO 24896 --- [           main] com.zaxxer.hikari.pool.HikariPool        : HikariPool-1 - Added connection com.mysql.cj.jdbc.ConnectionImpl@4b76251c
2025-04-16T01:11:04.390+05:30  INFO 24896 --- [           main] com.zaxxer.hikari.HikariDataSource       : HikariPool-1 - Start completed.
2025-04-16T01:11:04.443+05:30  INFO 24896 --- [           main] org.hibernate.orm.connections.pooling    : HHH10001005: Database info:
	Database JDBC URL [Connecting through datasource 'HikariDataSource (HikariPool-1)']
	Database driver: undefined/unknown
	Database version: 9.2
	Autocommit mode: undefined/unknown
	Isolation level: undefined/unknown
	Minimum pool size: undefined/unknown
	Maximum pool size: undefined/unknown
2025-04-16T01:11:04.881+05:30  INFO 24896 --- [           main] o.h.e.t.j.p.i.JtaPlatformInitiator       : HHH000489: No JTA platform available (set 'hibernate.transaction.jta.platform' to enable JTA platform integration)
2025-04-16T01:11:04.964+05:30  INFO 24896 --- [           main] j.LocalContainerEntityManagerFactoryBean : Initialized JPA EntityManagerFactory for persistence unit 'default'
2025-04-16T01:11:05.134+05:30  INFO 24896 --- [           main] o.s.d.j.r.query.QueryEnhancerFactory     : Hibernate is in classpath; If applicable, HQL parser will be used.
2025-04-16T01:11:06.246+05:30  WARN 24896 --- [           main] JpaBaseConfiguration$JpaWebConfiguration : spring.jpa.open-in-view is enabled by default. Therefore, database queries may be performed during view rendering. Explicitly configure spring.jpa.open-in-view to disable this warning
2025-04-16T01:11:06.265+05:30  INFO 24896 --- [           main] r$InitializeUserDetailsManagerConfigurer : Global AuthenticationManager configured with UserDetailsService bean with name customUserDetailsServiceImpl
2025-04-16T01:11:06.336+05:30  INFO 24896 --- [           main] o.s.b.a.w.s.WelcomePageHandlerMapping    : Adding welcome page template: index
2025-04-16T01:11:06.519+05:30  INFO 24896 --- [           main] o.s.b.a.e.web.EndpointLinksResolver      : Exposing 1 endpoint beneath base path '/actuator'
2025-04-16T01:11:06.638+05:30  INFO 24896 --- [           main] o.s.v.b.OptionalValidatorFactoryBean     : Failed to set up a Bean Validation provider: jakarta.validation.NoProviderFoundException: Unable to create a Configuration, because no Jakarta Bean Validation provider could be found. Add a provider like Hibernate Validator (RI) to your classpath.
2025-04-16T01:11:06.883+05:30  INFO 24896 --- [           main] c.g.o.DemoGithubAccessApplicationTests   : Started DemoGithubAccessApplicationTests in 3.911 seconds (process running for 4.351)
2025-04-16T01:11:06.885+05:30  INFO 24896 --- [   scheduling-1] c.g.o.service.PullRequestPollingService  : Starting pull request status check
2025-04-16T01:11:06.885+05:30  INFO 24896 --- [   scheduling-1] c.g.oauth.service.impl.TaskServiceImpl   : Getting tasks with status: REQUEST_COMPLETE
Hibernate: select count(*) from tech_stack t1_0
]]></system-out>
    <system-err><![CDATA[Mockito is currently self-attaching to enable the inline-mock-maker. This will no longer work in future releases of the JDK. Please add Mockito as an agent to your build what is described in Mockito's documentation: https://javadoc.io/doc/org.mockito/mockito-core/latest/org/mockito/Mockito.html#0.3
WARNING: A Java agent has been loaded dynamically (/Users/sarveshmhadgut/.m2/repository/net/bytebuddy/byte-buddy-agent/1.15.11/byte-buddy-agent-1.15.11.jar)
WARNING: If a serviceability tool is in use, please run with -XX:+EnableDynamicAgentLoading to hide this warning
WARNING: If a serviceability tool is not in use, please run with -Djdk.instrument.traceUsage for more information
WARNING: Dynamic loading of agents will be disallowed by default in a future release
]]></system-err>
  </testcase>
</testsuite>